<?xml version="1.0" encoding="UTF-8"?>
<!-- Generated by org.testng.reporters.JUnitReportReporter -->
<testsuite hostname="LAPTOP-L4FN0J6B" failures="0" tests="5" name="com.example.testng_sample_project.CalculatorTest" time="0.016" errors="0" timestamp="2025-08-18T15:00:56 IST" skipped="0">
  <testcase classname="com.example.testng_sample_project.CalculatorTest" name="testAdd" time="0.010"/>
  <testcase classname="com.example.testng_sample_project.CalculatorTest" name="testSubtract" time="0.002"/>
  <testcase classname="com.example.testng_sample_project.CalculatorTest" name="testMultiplication" time="0.001"/>
  <testcase classname="com.example.testng_sample_project.CalculatorTest" name="testDivision" time="0.001"/>
  <testcase classname="com.example.testng_sample_project.CalculatorTest" name="testModule" time="0.002"/>
</testsuite> <!-- com.example.testng_sample_project.CalculatorTest -->
